<?xml version="1.0" encoding="UTF-8"?>
<!-- Generated by org.testng.reporters.JUnitReportReporter -->
<testsuite hostname="b012f17de489" failures="0" tests="5" name="BookFlightTest" time="8.662" errors="0" timestamp="2023-01-16T04:54:06 GMT" skipped="0">
  <testcase classname="BookFlightTest" name="flightConfirmationPage" time="0.403"/>
  <system-out/>
  <testcase classname="BookFlightTest" name="registrationPageTest" time="5.085"/>
  <system-out/>
  <testcase classname="BookFlightTest" name="registrationConfirmationTest" time="0.300"/>
  <system-out/>
  <testcase classname="BookFlightTest" name="findFlightTest" time="0.837"/>
  <system-out/>
  <testcase classname="BookFlightTest" name="flightDetailsTest" time="2.037"/>
  <system-out/>
</testsuite> <!-- BookFlightTest -->
