<?xml version="1.0" encoding="UTF-8"?>
<!-- Generated by org.testng.reporters.JUnitReportReporter -->
<testsuite hostname="b0710e7e5217" failures="0" tests="3" name="SearchTest" time="13.763" errors="0" timestamp="2023-01-16T01:56:37 GMT" skipped="0">
  <testcase classname="SearchTest" name="searchTest" time="3.253"/>
  <system-out/>
  <testcase classname="SearchTest" name="searchTest" time="3.493"/>
  <system-out/>
  <testcase classname="SearchTest" name="searchTest" time="7.017"/>
  <system-out/>
</testsuite> <!-- SearchTest -->
