<?xml version="1.0" encoding="UTF-8"?>
<!-- Generated by org.testng.reporters.JUnitReportReporter -->
<testsuite hostname="46a9fd8e65a9" failures="0" tests="3" name="SearchTest" time="14.429" errors="0" timestamp="2023-01-16T04:54:16 GMT" skipped="0">
  <testcase classname="SearchTest" name="searchTest" time="4.114"/>
  <system-out/>
  <testcase classname="SearchTest" name="searchTest" time="3.806"/>
  <system-out/>
  <testcase classname="SearchTest" name="searchTest" time="6.509"/>
  <system-out/>
</testsuite> <!-- SearchTest -->
